            --------------------------------------------------------
                             AMBER SQM VERSION 14
 
                                     By
              Ross C. Walker, Michael F. Crowley, Scott Brozell,
                         Tim Giese, Andreas W. Goetz,
                        Tai-Sung Lee and David A. Case
 
            --------------------------------------------------------
 

--------------------------------------------------------------------------------
  QM CALCULATION INFO
--------------------------------------------------------------------------------

| QMMM: Citation for AMBER QMMM Run:
| QMMM: R.C. Walker, M.F. Crowley and D.A. Case, J. COMP. CHEM. 29:1019, 2008

QMMM: SINGLET STATE CALCULATION
QMMM: RHF CALCULATION, NO. OF DOUBLY OCCUPIED LEVELS = 13

| QMMM: *** Selected Hamiltonian *** 
| QMMM: AM1         

| QMMM: *** Parameter sets in use ***
| QMMM: C : M.J.S.DEWAR et al. JACS, 107, 3902, (1985)
| QMMM: H : M.J.S.DEWAR et al. JACS, 107, 3902, (1985)
| QMMM: S : M.J.S.DEWAR et al. INORG. CHEM., 29, 3881, (1990)
| QMMM: O : M.J.S.DEWAR et al. JACS, 107, 3902, (1985)

| QMMM: *** SCF convergence criteria ***
| QMMM: Energy change                :  0.1D-09 kcal/mol
| QMMM: Error matrix |FP-PF|         :  0.1D+00 au
| QMMM: Density matrix change        :  0.1D-09
| QMMM: Maximum number of SCF cycles :     1000

| QMMM: *** Diagonalization Routine Information ***
| QMMM: Pseudo diagonalizations are allowed.
| QMMM: Auto diagonalization routine selection is disabled.
| QMMM: Using internal diagonalization routine (diag_routine=1).

  QMMM: QM Region Cartesian Coordinates (*=link atom) 
  QMMM: QM_NO.   MM_NO.  ATOM         X         Y         Z
  QMMM:     1        1      C       39.4640   46.0410    3.3700
  QMMM:     2        2      H       39.0440   45.0810    3.0800
  QMMM:     3        3      H       40.5140   46.0610    3.6700
  QMMM:     4        4      H       38.7940   46.5310    4.0800
  QMMM:     5        5      S       39.4940   47.1210    1.9100
  QMMM:     6        6      C       38.0640   46.4910    1.0100
  QMMM:     7        7      H       38.2440   45.5110    0.5600
  QMMM:     8        8      H       37.1840   46.5510    1.6500
  QMMM:     9        9      H       37.9040   47.2110    0.1900
  QMMM:    10       10      O       40.6840   46.6310    1.1500

--------------------------------------------------------------------------------
  RESULTS
--------------------------------------------------------------------------------

      iter         sqm energy              rms gradient
      ----    -------------------    -----------------------
xmin    10      -39.4373 kcal/mol        0.5417 kcal/(mol*A)
xmin    20      -39.4701 kcal/mol        0.0108 kcal/(mol*A)
  ... geometry converged !
 
 Final MO eigenvalues (eV):
 -34.9683  -30.9441  -29.3016  -18.3053  -15.9271  -15.8499  -15.5775  -13.8347
 -13.7296  -13.2192  -12.2009  -10.9481   -9.5339    0.8084    1.4593    2.8540
   3.7254    3.7736    3.8598    4.0360    4.6556    4.6642

 Heat of formation   =        -39.47055057 kcal/mol  (       -1.71157151 eV)

 Total SCF energy    =     -19680.07275321 kcal/mol  (     -853.39199311 eV)
 Electronic energy   =     -59593.08938192 kcal/mol  (    -2584.15027024 eV)
 Core-core repulsion =      39913.01662870 kcal/mol  (     1730.75827712 eV)
 
    Atomic Charges for Step       1 :
  Atom    Element       Mulliken Charge
     1      C                 -0.675
     2      H                  0.128
     3      H                  0.126
     4      H                  0.114
     5      S                  1.393
     6      C                 -0.675
     7      H                  0.128
     8      H                  0.114
     9      H                  0.126
    10      O                 -0.778
 Total Mulliken Charge =      -0.000
 
                  X        Y        Z     TOTAL  
  QM DIPOLE    -2.916    1.495    2.212    3.954
 
 Final Structure

  QMMM: QM Region Cartesian Coordinates (*=link atom) 
  QMMM: QM_NO.   MM_NO.  ATOM         X         Y         Z
  QMMM:     1        1      C       39.4728   46.0544    3.2693
  QMMM:     2        2      H       39.5022   44.9635    3.0461
  QMMM:     3        3      H       40.3472   46.2761    3.9258
  QMMM:     4        4      H       38.5431   46.2621    3.8448
  QMMM:     5        5      S       39.5621   47.0635    1.8559
  QMMM:     6        6      C       38.0827   46.5971    1.0699
  QMMM:     7        7      H       38.0563   45.5280    0.7581
  QMMM:     8        8      H       37.2078   46.7832    1.7323
  QMMM:     9        9      H       37.9576   47.2091    0.1455
  QMMM:    10       10      O       40.6585   46.4930    1.0222

           --------- Calculation Completed ----------

